#! c:/iverilog-x64/bin/vvp
:ivl_version "10.1 (stable)" "(v10_1_1)";
:ivl_delay_selection "TYPICAL";
:vpi_time_precision - 11;
:vpi_module "system";
:vpi_module "vhdl_sys";
:vpi_module "v2005_math";
:vpi_module "va_math";
S_0000000002875c30 .scope module, "tb_Hex27Seg" "tb_Hex27Seg" 2 8;
 .timescale -8 -11;
v000000000287e4f0_0 .var "t_HexVal", 3 0;
v00000000028d6f10_0 .net "t_Leds", 0 6, v0000000002875f30_0;  1 drivers
S_0000000002875db0 .scope module, "uut" "Hex27Seg" 2 15, 3 7 0, S_0000000002875c30;
 .timescale 0 0;
    .port_info 0 /OUTPUT 7 "Leds"
    .port_info 1 /INPUT 4 "HexVal"
v000000000287e120_0 .net "HexVal", 3 0, v000000000287e4f0_0;  1 drivers
v0000000002875f30_0 .var "Leds", 0 6;
E_000000000287d350 .event edge, v000000000287e120_0;
    .scope S_0000000002875db0;
T_0 ;
    %wait E_000000000287d350;
    %load/vec4 v000000000287e120_0;
    %dup/vec4;
    %pushi/vec4 0, 0, 4;
    %cmp/u;
    %jmp/1 T_0.0, 6;
    %dup/vec4;
    %pushi/vec4 1, 0, 4;
    %cmp/u;
    %jmp/1 T_0.1, 6;
    %dup/vec4;
    %pushi/vec4 2, 0, 4;
    %cmp/u;
    %jmp/1 T_0.2, 6;
    %dup/vec4;
    %pushi/vec4 3, 0, 4;
    %cmp/u;
    %jmp/1 T_0.3, 6;
    %dup/vec4;
    %pushi/vec4 4, 0, 4;
    %cmp/u;
    %jmp/1 T_0.4, 6;
    %dup/vec4;
    %pushi/vec4 5, 0, 4;
    %cmp/u;
    %jmp/1 T_0.5, 6;
    %dup/vec4;
    %pushi/vec4 6, 0, 4;
    %cmp/u;
    %jmp/1 T_0.6, 6;
    %dup/vec4;
    %pushi/vec4 7, 0, 4;
    %cmp/u;
    %jmp/1 T_0.7, 6;
    %dup/vec4;
    %pushi/vec4 8, 0, 4;
    %cmp/u;
    %jmp/1 T_0.8, 6;
    %dup/vec4;
    %pushi/vec4 9, 0, 4;
    %cmp/u;
    %jmp/1 T_0.9, 6;
    %dup/vec4;
    %pushi/vec4 10, 0, 4;
    %cmp/u;
    %jmp/1 T_0.10, 6;
    %dup/vec4;
    %pushi/vec4 11, 0, 4;
    %cmp/u;
    %jmp/1 T_0.11, 6;
    %dup/vec4;
    %pushi/vec4 12, 0, 4;
    %cmp/u;
    %jmp/1 T_0.12, 6;
    %dup/vec4;
    %pushi/vec4 13, 0, 4;
    %cmp/u;
    %jmp/1 T_0.13, 6;
    %dup/vec4;
    %pushi/vec4 14, 0, 4;
    %cmp/u;
    %jmp/1 T_0.14, 6;
    %dup/vec4;
    %pushi/vec4 15, 0, 4;
    %cmp/u;
    %jmp/1 T_0.15, 6;
    %jmp T_0.16;
T_0.0 ;
    %pushi/vec4 126, 0, 7;
    %store/vec4 v0000000002875f30_0, 0, 7;
    %jmp T_0.16;
T_0.1 ;
    %pushi/vec4 48, 0, 7;
    %store/vec4 v0000000002875f30_0, 0, 7;
    %jmp T_0.16;
T_0.2 ;
    %pushi/vec4 109, 0, 7;
    %store/vec4 v0000000002875f30_0, 0, 7;
    %jmp T_0.16;
T_0.3 ;
    %pushi/vec4 121, 0, 7;
    %store/vec4 v0000000002875f30_0, 0, 7;
    %jmp T_0.16;
T_0.4 ;
    %pushi/vec4 51, 0, 7;
    %store/vec4 v0000000002875f30_0, 0, 7;
    %jmp T_0.16;
T_0.5 ;
    %pushi/vec4 91, 0, 7;
    %store/vec4 v0000000002875f30_0, 0, 7;
    %jmp T_0.16;
T_0.6 ;
    %pushi/vec4 95, 0, 7;
    %store/vec4 v0000000002875f30_0, 0, 7;
    %jmp T_0.16;
T_0.7 ;
    %pushi/vec4 112, 0, 7;
    %store/vec4 v0000000002875f30_0, 0, 7;
    %jmp T_0.16;
T_0.8 ;
    %pushi/vec4 127, 0, 7;
    %store/vec4 v0000000002875f30_0, 0, 7;
    %jmp T_0.16;
T_0.9 ;
    %pushi/vec4 123, 0, 7;
    %store/vec4 v0000000002875f30_0, 0, 7;
    %jmp T_0.16;
T_0.10 ;
    %pushi/vec4 119, 0, 7;
    %store/vec4 v0000000002875f30_0, 0, 7;
    %jmp T_0.16;
T_0.11 ;
    %pushi/vec4 31, 0, 7;
    %store/vec4 v0000000002875f30_0, 0, 7;
    %jmp T_0.16;
T_0.12 ;
    %pushi/vec4 78, 0, 7;
    %store/vec4 v0000000002875f30_0, 0, 7;
    %jmp T_0.16;
T_0.13 ;
    %pushi/vec4 61, 0, 7;
    %store/vec4 v0000000002875f30_0, 0, 7;
    %jmp T_0.16;
T_0.14 ;
    %pushi/vec4 79, 0, 7;
    %store/vec4 v0000000002875f30_0, 0, 7;
    %jmp T_0.16;
T_0.15 ;
    %pushi/vec4 71, 0, 7;
    %store/vec4 v0000000002875f30_0, 0, 7;
    %jmp T_0.16;
T_0.16 ;
    %pop/vec4 1;
    %jmp T_0;
    .thread T_0, $push;
    .scope S_0000000002875c30;
T_1 ;
    %vpi_call 2 13 "$dumpfile", "tb_Hex27Seg.vcd" {0 0 0};
    %vpi_call 2 13 "$dumpvars", 32'sb00000000000000000000000000000000, S_0000000002875c30 {0 0 0};
    %end;
    .thread T_1;
    .scope S_0000000002875c30;
T_2 ;
    %pushi/vec4 0, 0, 4;
    %store/vec4 v000000000287e4f0_0, 0, 4;
    %end;
    .thread T_2;
    .scope S_0000000002875c30;
T_3 ;
    %fork t_1, S_0000000002875c30;
    %fork t_2, S_0000000002875c30;
    %fork t_3, S_0000000002875c30;
    %fork t_4, S_0000000002875c30;
    %fork t_5, S_0000000002875c30;
    %fork t_6, S_0000000002875c30;
    %fork t_7, S_0000000002875c30;
    %fork t_8, S_0000000002875c30;
    %fork t_9, S_0000000002875c30;
    %fork t_10, S_0000000002875c30;
    %fork t_11, S_0000000002875c30;
    %fork t_12, S_0000000002875c30;
    %fork t_13, S_0000000002875c30;
    %fork t_14, S_0000000002875c30;
    %fork t_15, S_0000000002875c30;
    %fork t_16, S_0000000002875c30;
    %fork t_17, S_0000000002875c30;
    %join;
    %join;
    %join;
    %join;
    %join;
    %join;
    %join;
    %join;
    %join;
    %join;
    %join;
    %join;
    %join;
    %join;
    %join;
    %join;
    %join;
    %jmp t_0;
t_1 ;
    %delay 0, 0;
    %pushi/vec4 0, 0, 4;
    %store/vec4 v000000000287e4f0_0, 0, 4;
    %end;
t_2 ;
    %delay 10000, 0;
    %pushi/vec4 1, 0, 4;
    %store/vec4 v000000000287e4f0_0, 0, 4;
    %end;
t_3 ;
    %delay 20000, 0;
    %pushi/vec4 2, 0, 4;
    %store/vec4 v000000000287e4f0_0, 0, 4;
    %end;
t_4 ;
    %delay 30000, 0;
    %pushi/vec4 3, 0, 4;
    %store/vec4 v000000000287e4f0_0, 0, 4;
    %end;
t_5 ;
    %delay 40000, 0;
    %pushi/vec4 4, 0, 4;
    %store/vec4 v000000000287e4f0_0, 0, 4;
    %end;
t_6 ;
    %delay 50000, 0;
    %pushi/vec4 5, 0, 4;
    %store/vec4 v000000000287e4f0_0, 0, 4;
    %end;
t_7 ;
    %delay 60000, 0;
    %pushi/vec4 6, 0, 4;
    %store/vec4 v000000000287e4f0_0, 0, 4;
    %end;
t_8 ;
    %delay 70000, 0;
    %pushi/vec4 7, 0, 4;
    %store/vec4 v000000000287e4f0_0, 0, 4;
    %end;
t_9 ;
    %delay 80000, 0;
    %pushi/vec4 8, 0, 4;
    %store/vec4 v000000000287e4f0_0, 0, 4;
    %end;
t_10 ;
    %delay 90000, 0;
    %pushi/vec4 9, 0, 4;
    %store/vec4 v000000000287e4f0_0, 0, 4;
    %end;
t_11 ;
    %delay 100000, 0;
    %pushi/vec4 10, 0, 4;
    %store/vec4 v000000000287e4f0_0, 0, 4;
    %end;
t_12 ;
    %delay 110000, 0;
    %pushi/vec4 11, 0, 4;
    %store/vec4 v000000000287e4f0_0, 0, 4;
    %end;
t_13 ;
    %delay 120000, 0;
    %pushi/vec4 12, 0, 4;
    %store/vec4 v000000000287e4f0_0, 0, 4;
    %end;
t_14 ;
    %delay 130000, 0;
    %pushi/vec4 13, 0, 4;
    %store/vec4 v000000000287e4f0_0, 0, 4;
    %end;
t_15 ;
    %delay 140000, 0;
    %pushi/vec4 14, 0, 4;
    %store/vec4 v000000000287e4f0_0, 0, 4;
    %end;
t_16 ;
    %delay 150000, 0;
    %pushi/vec4 15, 0, 4;
    %store/vec4 v000000000287e4f0_0, 0, 4;
    %end;
t_17 ;
    %delay 160000, 0;
    %vpi_call 2 37 "$finish" {0 0 0};
    %end;
    .scope S_0000000002875c30;
t_0 ;
    %end;
    .thread T_3;
# The file index is used to find the file name in the following table.
:file_names 4;
    "N/A";
    "<interactive>";
    "tb_Hex27Seg.v";
    "Hex27Seg.v";
