#! c:/iverilog-x64/bin/vvp
:ivl_version "10.1 (stable)" "(v10_1_1)";
:ivl_delay_selection "TYPICAL";
:vpi_time_precision - 9;
:vpi_module "system";
:vpi_module "vhdl_sys";
:vpi_module "v2005_math";
:vpi_module "va_math";
S_000000000282b440 .scope module, "tb_gameSM" "tb_gameSM" 2 2;
 .timescale -9 -9;
v0000000002885920_0 .var "t_clk", 0 0;
v0000000002884ac0_0 .net "t_field", 4 0, L_0000000000fb7eb0;  1 drivers
v0000000002885740_0 .var "t_paddle1", 0 0;
v0000000002885420_0 .var "t_paddle2", 0 0;
v0000000002884b60_0 .var "t_ready", 0 0;
v0000000002884f20_0 .var "t_rst", 0 0;
v0000000002885240_0 .net "t_score1", 0 0, v00000000028849d0_0;  1 drivers
v00000000028856a0_0 .net "t_score2", 0 0, v0000000002884de0_0;  1 drivers
v0000000002884ca0_0 .var "t_serve", 0 0;
S_0000000002817c20 .scope module, "uut" "gameSM" 2 10, 3 10 0, S_000000000282b440;
 .timescale -9 -9;
    .port_info 0 /OUTPUT 5 "field"
    .port_info 1 /OUTPUT 1 "p1score"
    .port_info 2 /OUTPUT 1 "p2score"
    .port_info 3 /INPUT 1 "clk"
    .port_info 4 /INPUT 1 "rst"
    .port_info 5 /INPUT 1 "ready"
    .port_info 6 /INPUT 1 "paddle1"
    .port_info 7 /INPUT 1 "paddle2"
    .port_info 8 /INPUT 1 "serve"
P_0000000002815d00 .param/l "S_1" 0 3 20, C4<10000>;
P_0000000002815d38 .param/l "S_2" 0 3 20, C4<01000>;
P_0000000002815d70 .param/l "S_3" 0 3 20, C4<00100>;
P_0000000002815da8 .param/l "S_4" 0 3 20, C4<00010>;
P_0000000002815de0 .param/l "S_5" 0 3 20, C4<00001>;
P_0000000002815e18 .param/l "S_idle" 0 3 20, C4<00000>;
L_0000000000fb7eb0 .functor BUFZ 5, v0000000002817da0_0, C4<00000>, C4<00000>, C4<00000>;
v0000000002817da0_0 .var "S", 4 0;
v0000000002815e60_0 .net "clk", 0 0, v0000000002885920_0;  1 drivers
v0000000002815f00_0 .var "dir", 0 0;
v0000000002815fa0_0 .net "field", 4 0, L_0000000000fb7eb0;  alias, 1 drivers
v0000000002816040_0 .var "nS", 4 0;
v00000000028849d0_0 .var "p1score", 0 0;
v0000000002884de0_0 .var "p2score", 0 0;
v0000000002884fc0_0 .net "paddle1", 0 0, v0000000002885740_0;  1 drivers
v00000000028851a0_0 .net "paddle2", 0 0, v0000000002885420_0;  1 drivers
v0000000002884e80_0 .net "ready", 0 0, v0000000002884b60_0;  1 drivers
v0000000002885880_0 .net "rst", 0 0, v0000000002884f20_0;  1 drivers
v00000000028859c0_0 .net "serve", 0 0, v0000000002884ca0_0;  1 drivers
E_0000000002828300 .event posedge, v0000000002815e60_0;
E_0000000002828480 .event negedge, v0000000002885880_0;
    .scope S_0000000002817c20;
T_0 ;
    %pushi/vec4 1, 0, 1;
    %store/vec4 v0000000002815f00_0, 0, 1;
    %end;
    .thread T_0;
    .scope S_0000000002817c20;
T_1 ;
    %wait E_0000000002828480;
    %load/vec4 v0000000002885880_0;
    %pad/u 32;
    %cmpi/e 0, 0, 32;
    %jmp/0xz  T_1.0, 4;
    %pushi/vec4 0, 0, 5;
    %assign/vec4 v0000000002817da0_0, 0;
    %pushi/vec4 0, 0, 5;
    %assign/vec4 v0000000002816040_0, 0;
    %pushi/vec4 0, 0, 1;
    %assign/vec4 v00000000028849d0_0, 0;
    %pushi/vec4 0, 0, 1;
    %assign/vec4 v0000000002884de0_0, 0;
T_1.0 ;
    %jmp T_1;
    .thread T_1;
    .scope S_0000000002817c20;
T_2 ;
    %wait E_0000000002828300;
    %load/vec4 v0000000002817da0_0;
    %dup/vec4;
    %pushi/vec4 0, 0, 5;
    %cmp/u;
    %jmp/1 T_2.0, 6;
    %dup/vec4;
    %pushi/vec4 16, 0, 5;
    %cmp/u;
    %jmp/1 T_2.1, 6;
    %dup/vec4;
    %pushi/vec4 8, 0, 5;
    %cmp/u;
    %jmp/1 T_2.2, 6;
    %dup/vec4;
    %pushi/vec4 4, 0, 5;
    %cmp/u;
    %jmp/1 T_2.3, 6;
    %dup/vec4;
    %pushi/vec4 2, 0, 5;
    %cmp/u;
    %jmp/1 T_2.4, 6;
    %dup/vec4;
    %pushi/vec4 1, 0, 5;
    %cmp/u;
    %jmp/1 T_2.5, 6;
    %jmp T_2.6;
T_2.0 ;
    %pushi/vec4 0, 0, 1;
    %assign/vec4 v00000000028849d0_0, 0;
    %pushi/vec4 0, 0, 1;
    %assign/vec4 v0000000002884de0_0, 0;
    %load/vec4 v00000000028859c0_0;
    %flag_set/vec4 8;
    %jmp/0xz  T_2.7, 8;
    %pushi/vec4 4, 0, 5;
    %assign/vec4 v0000000002816040_0, 0;
    %jmp T_2.8;
T_2.7 ;
    %pushi/vec4 0, 0, 5;
    %assign/vec4 v0000000002816040_0, 0;
T_2.8 ;
    %jmp T_2.6;
T_2.1 ;
    %load/vec4 v0000000002884fc0_0;
    %flag_set/vec4 8;
    %jmp/0xz  T_2.9, 8;
    %pushi/vec4 1, 0, 1;
    %assign/vec4 v0000000002815f00_0, 0;
    %pushi/vec4 8, 0, 5;
    %assign/vec4 v0000000002816040_0, 0;
    %jmp T_2.10;
T_2.9 ;
    %pushi/vec4 1, 0, 1;
    %assign/vec4 v0000000002884de0_0, 0;
    %pushi/vec4 0, 0, 1;
    %assign/vec4 v00000000028849d0_0, 0;
    %pushi/vec4 0, 0, 5;
    %assign/vec4 v0000000002816040_0, 0;
T_2.10 ;
    %jmp T_2.6;
T_2.2 ;
    %load/vec4 v0000000002815f00_0;
    %flag_set/vec4 8;
    %jmp/0 T_2.11, 8;
    %pushi/vec4 4, 0, 5;
    %jmp/1 T_2.12, 8;
T_2.11 ; End of true expr.
    %pushi/vec4 16, 0, 5;
    %jmp/0 T_2.12, 8;
 ; End of false expr.
    %blend;
T_2.12;
    %assign/vec4 v0000000002816040_0, 0;
    %pushi/vec4 0, 0, 1;
    %assign/vec4 v00000000028849d0_0, 0;
    %pushi/vec4 0, 0, 1;
    %assign/vec4 v0000000002884de0_0, 0;
    %jmp T_2.6;
T_2.3 ;
    %load/vec4 v0000000002815f00_0;
    %flag_set/vec4 8;
    %jmp/0 T_2.13, 8;
    %pushi/vec4 2, 0, 5;
    %jmp/1 T_2.14, 8;
T_2.13 ; End of true expr.
    %pushi/vec4 8, 0, 5;
    %jmp/0 T_2.14, 8;
 ; End of false expr.
    %blend;
T_2.14;
    %assign/vec4 v0000000002816040_0, 0;
    %pushi/vec4 0, 0, 1;
    %assign/vec4 v00000000028849d0_0, 0;
    %pushi/vec4 0, 0, 1;
    %assign/vec4 v0000000002884de0_0, 0;
    %jmp T_2.6;
T_2.4 ;
    %load/vec4 v0000000002815f00_0;
    %flag_set/vec4 8;
    %jmp/0 T_2.15, 8;
    %pushi/vec4 1, 0, 5;
    %jmp/1 T_2.16, 8;
T_2.15 ; End of true expr.
    %pushi/vec4 4, 0, 5;
    %jmp/0 T_2.16, 8;
 ; End of false expr.
    %blend;
T_2.16;
    %assign/vec4 v0000000002816040_0, 0;
    %pushi/vec4 0, 0, 1;
    %assign/vec4 v00000000028849d0_0, 0;
    %pushi/vec4 0, 0, 1;
    %assign/vec4 v0000000002884de0_0, 0;
    %jmp T_2.6;
T_2.5 ;
    %load/vec4 v00000000028851a0_0;
    %flag_set/vec4 8;
    %jmp/0xz  T_2.17, 8;
    %pushi/vec4 0, 0, 1;
    %assign/vec4 v0000000002815f00_0, 0;
    %pushi/vec4 2, 0, 5;
    %assign/vec4 v0000000002816040_0, 0;
    %jmp T_2.18;
T_2.17 ;
    %pushi/vec4 0, 0, 1;
    %assign/vec4 v0000000002884de0_0, 0;
    %pushi/vec4 1, 0, 1;
    %assign/vec4 v00000000028849d0_0, 0;
    %pushi/vec4 0, 0, 5;
    %assign/vec4 v0000000002816040_0, 0;
T_2.18 ;
    %jmp T_2.6;
T_2.6 ;
    %pop/vec4 1;
    %jmp T_2;
    .thread T_2;
    .scope S_0000000002817c20;
T_3 ;
    %wait E_0000000002828300;
    %load/vec4 v0000000002884e80_0;
    %pad/u 32;
    %cmpi/e 1, 0, 32;
    %jmp/0xz  T_3.0, 4;
    %load/vec4 v0000000002816040_0;
    %assign/vec4 v0000000002817da0_0, 0;
    %jmp T_3.1;
T_3.0 ;
    %load/vec4 v0000000002817da0_0;
    %assign/vec4 v0000000002817da0_0, 0;
T_3.1 ;
    %jmp T_3;
    .thread T_3;
    .scope S_000000000282b440;
T_4 ;
    %vpi_call 2 14 "$dumpfile", "tb_gameSM.vcd" {0 0 0};
    %vpi_call 2 15 "$dumpvars", 32'sb00000000000000000000000000000000, S_000000000282b440 {0 0 0};
    %end;
    .thread T_4;
    .scope S_000000000282b440;
T_5 ;
    %delay 5, 0;
    %load/vec4 v0000000002885920_0;
    %nor/r;
    %store/vec4 v0000000002885920_0, 0, 1;
    %jmp T_5;
    .thread T_5;
    .scope S_000000000282b440;
T_6 ;
    %pushi/vec4 1, 0, 1;
    %store/vec4 v0000000002884f20_0, 0, 1;
    %pushi/vec4 0, 0, 1;
    %store/vec4 v0000000002885920_0, 0, 1;
    %pushi/vec4 1, 0, 1;
    %store/vec4 v0000000002885740_0, 0, 1;
    %pushi/vec4 1, 0, 1;
    %store/vec4 v0000000002885420_0, 0, 1;
    %pushi/vec4 0, 0, 1;
    %store/vec4 v0000000002884ca0_0, 0, 1;
    %pushi/vec4 1, 0, 1;
    %store/vec4 v0000000002884b60_0, 0, 1;
    %end;
    .thread T_6;
    .scope S_000000000282b440;
T_7 ;
    %delay 10, 0;
    %pushi/vec4 0, 0, 1;
    %store/vec4 v0000000002884f20_0, 0, 1;
    %delay 10, 0;
    %pushi/vec4 1, 0, 1;
    %store/vec4 v0000000002884ca0_0, 0, 1;
    %delay 30, 0;
    %pushi/vec4 0, 0, 1;
    %store/vec4 v0000000002884ca0_0, 0, 1;
    %delay 100, 0;
    %pushi/vec4 0, 0, 1;
    %store/vec4 v0000000002885740_0, 0, 1;
    %delay 120, 0;
    %pushi/vec4 1, 0, 1;
    %store/vec4 v0000000002884ca0_0, 0, 1;
    %delay 140, 0;
    %pushi/vec4 0, 0, 1;
    %store/vec4 v0000000002884ca0_0, 0, 1;
    %delay 240, 0;
    %vpi_call 2 38 "$finish" {0 0 0};
    %end;
    .thread T_7;
# The file index is used to find the file name in the following table.
:file_names 4;
    "N/A";
    "<interactive>";
    "tb_gameSM.v";
    "gameSM.v";
