#! c:/iverilog-x64/bin/vvp
:ivl_version "10.1 (stable)" "(v10_1_1)";
:ivl_delay_selection "TYPICAL";
:vpi_time_precision - 8;
:vpi_module "system";
:vpi_module "vhdl_sys";
:vpi_module "v2005_math";
:vpi_module "va_math";
S_00000000028564f0 .scope module, "tb_topLevel" "tb_topLevel" 2 11;
 .timescale -8 -8;
v00000000028b85e0_0 .net "t_RGBSerialData", 0 0, v00000000028adbf0_0;  1 drivers
o000000000285da08 .functor BUFZ 4, C4<zzzz>; HiZ drive
v00000000028b9c60_0 .net "t_anodeSelect", 3 0, o000000000285da08;  0 drivers
v00000000028b9800_0 .var "t_clk", 0 0;
v00000000028b93a0_0 .var "t_pad1", 0 0;
v00000000028b8680_0 .var "t_pad2", 0 0;
v00000000028b98a0_0 .net "t_readyLED", 0 0, L_0000000002847830;  1 drivers
v00000000028b9da0_0 .var "t_rst", 0 0;
v00000000028b80e0_0 .var "t_serve", 0 0;
o000000000285d9d8 .functor BUFZ 7, C4<zzzzzzz>; HiZ drive
v00000000028b94e0_0 .net "t_sevenSegmentData", 6 0, o000000000285d9d8;  0 drivers
S_0000000000f9d900 .scope module, "uut" "topLevel" 2 19, 3 9 0, S_00000000028564f0;
 .timescale -8 -8;
    .port_info 0 /OUTPUT 1 "RGBSerialData"
    .port_info 1 /OUTPUT 4 "sevenSegmentDigit"
    .port_info 2 /OUTPUT 7 "sevenSegmentData"
    .port_info 3 /OUTPUT 1 "readyLED"
    .port_info 4 /INPUT 1 "clk"
    .port_info 5 /INPUT 1 "rstAL"
    .port_info 6 /INPUT 1 "paddle1"
    .port_info 7 /INPUT 1 "paddle2"
    .port_info 8 /INPUT 1 "serve"
L_0000000002847830 .functor BUFZ 1, L_00000000028b8ea0, C4<0>, C4<0>, C4<0>;
v00000000028b9300_0 .net "RGBSerialData", 0 0, v00000000028adbf0_0;  alias, 1 drivers
v00000000028b84a0_0 .net "ReadyForNextState", 0 0, L_00000000028b9940;  1 drivers
v00000000028b8540_0 .net "clk", 0 0, v00000000028b9800_0;  1 drivers
v00000000028b9e40_0 .net "colorData", 119 0, v0000000002858410_0;  1 drivers
v00000000028b8fe0_0 .net "currentField", 4 0, L_00000000028479f0;  1 drivers
v00000000028b8b80_0 .net "gameClk", 0 0, L_00000000028b8ea0;  1 drivers
v00000000028b9b20_0 .net "paddle1", 0 0, v00000000028b93a0_0;  1 drivers
v00000000028b9bc0_0 .net "paddle2", 0 0, v00000000028b8680_0;  1 drivers
v00000000028b8cc0_0 .net "player1score", 0 0, v00000000028b87c0_0;  1 drivers
v00000000028b9080_0 .net "player2score", 0 0, v00000000028b8f40_0;  1 drivers
v00000000028b9440_0 .net "readyLED", 0 0, L_0000000002847830;  alias, 1 drivers
v00000000028b8d60_0 .net "rst", 0 0, L_00000000028b8220;  1 drivers
v00000000028b9f80_0 .net "rstAL", 0 0, v00000000028b9da0_0;  1 drivers
v00000000028b9760_0 .net "serve", 0 0, v00000000028b80e0_0;  1 drivers
v00000000028b9120_0 .net "sevenSegmentData", 6 0, o000000000285d9d8;  alias, 0 drivers
v00000000028b8180_0 .net "sevenSegmentDigit", 3 0, o000000000285da08;  alias, 0 drivers
L_00000000028b8220 .reduce/nor v00000000028b9da0_0;
S_0000000002823ef0 .scope module, "FieldStateAdapter" "LEDPatternGenerator" 3 36, 4 1 0, S_0000000000f9d900;
 .timescale -8 -8;
    .port_info 0 /OUTPUT 120 "colorOutput"
    .port_info 1 /INPUT 5 "fieldInput"
v0000000002858410_0 .var "colorOutput", 119 0;
v0000000002859ef0_0 .net "fieldInput", 4 0, L_00000000028479f0;  alias, 1 drivers
E_0000000002851940 .event edge, v0000000002859ef0_0;
S_0000000002824070 .scope module, "LEDController" "SimpleSend" 3 30, 5 6 0, S_0000000000f9d900;
 .timescale -8 -8;
    .port_info 0 /OUTPUT 1 "dataOut"
    .port_info 1 /INPUT 120 "ColorDataIn"
    .port_info 2 /INPUT 1 "Go"
    .port_info 3 /INPUT 1 "clk"
    .port_info 4 /INPUT 1 "reset"
    .port_info 5 /OUTPUT 1 "Ready2Go"
v00000000028ad790_0 .net "ClrCounter", 0 0, L_0000000002847360;  1 drivers
v00000000028acf70_0 .net "ColorDataIn", 119 0, v0000000002858410_0;  alias, 1 drivers
v00000000028adc90_0 .net "Count", 7 0, v0000000002859810_0;  1 drivers
v00000000028ac570_0 .net "Done", 0 0, L_0000000002847bb0;  1 drivers
v00000000028ac6b0_0 .net "Go", 0 0, L_00000000028b8ea0;  alias, 1 drivers
v00000000028ad8d0_0 .net "IncCounter", 0 0, L_0000000002847670;  1 drivers
v00000000028acc50_0 .net "LoadGRBPattern", 0 0, L_0000000002847440;  1 drivers
v00000000028accf0_0 .var "NumLEDs", 2 0;
v00000000028ac750_0 .net "Ready2Go", 0 0, L_00000000028b9940;  alias, 1 drivers
v00000000028ad510_0 .net "ShiftPattern", 0 0, L_0000000002847c20;  1 drivers
v00000000028ac7f0_0 .net "StartCoding", 0 0, L_00000000028473d0;  1 drivers
v00000000028ad830_0 .net "allDone", 0 0, L_0000000002846db0;  1 drivers
v00000000028ac890_0 .net "bdone", 0 0, L_00000000028b8e00;  1 drivers
v00000000028acd90_0 .net "clk", 0 0, v00000000028b9800_0;  alias, 1 drivers
v00000000028ace30_0 .net "dataOut", 0 0, v00000000028adbf0_0;  alias, 1 drivers
v00000000028ad010_0 .net "qmode", 1 0, L_00000000028b8360;  1 drivers
v00000000028ad0b0_0 .net "reset", 0 0, L_00000000028b8220;  alias, 1 drivers
v00000000028ad1f0_0 .net "shipGRB", 0 0, L_00000000028b9620;  1 drivers
v00000000028ad290_0 .net "theBit", 0 0, L_00000000028b89a0;  1 drivers
S_00000000027fb470 .scope module, "btcnt" "BitCounter" 5 22, 6 8 0, S_0000000002824070;
 .timescale -8 -8;
    .port_info 0 /OUTPUT 8 "Count"
    .port_info 1 /INPUT 1 "ClearCounter"
    .port_info 2 /INPUT 1 "IncCounter"
    .port_info 3 /INPUT 1 "clk"
    .port_info 4 /INPUT 1 "reset"
v0000000002859b30_0 .net "ClearCounter", 0 0, L_0000000002847360;  alias, 1 drivers
v0000000002859810_0 .var "Count", 7 0;
v0000000002858730_0 .net "IncCounter", 0 0, L_0000000002847670;  alias, 1 drivers
v00000000028589b0_0 .net "clk", 0 0, v00000000028b9800_0;  alias, 1 drivers
v0000000002859590_0 .var "nCount", 7 0;
v00000000028580f0_0 .net "reset", 0 0, L_00000000028b8220;  alias, 1 drivers
E_0000000002851980 .event edge, v0000000002858730_0, v0000000002859b30_0, v0000000002859810_0, v00000000028580f0_0;
E_00000000028515c0 .event posedge, v00000000028589b0_0;
S_00000000027fb5f0 .scope module, "grbsm" "GRBStateMachine" 5 19, 7 6 0, S_0000000002824070;
 .timescale -8 -8;
    .port_info 0 /OUTPUT 2 "qmode"
    .port_info 1 /OUTPUT 1 "Done"
    .port_info 2 /OUTPUT 1 "LoadGRBPattern"
    .port_info 3 /OUTPUT 1 "ShiftPattern"
    .port_info 4 /OUTPUT 1 "StartCoding"
    .port_info 5 /OUTPUT 1 "ClrCounter"
    .port_info 6 /OUTPUT 1 "IncCounter"
    .port_info 7 /INPUT 1 "ShipGRB"
    .port_info 8 /INPUT 1 "theBit"
    .port_info 9 /INPUT 1 "bdone"
    .port_info 10 /INPUT 8 "Count"
    .port_info 11 /INPUT 3 "NumLEDs"
    .port_info 12 /INPUT 1 "clk"
    .port_info 13 /INPUT 1 "reset"
    .port_info 14 /OUTPUT 1 "allDone"
P_000000000280cb50 .param/l "SSHIPGRB" 0 7 16, C4<1>;
P_000000000280cb88 .param/l "SSHIPRET" 0 7 16, C4<0>;
L_00000000028ba138 .functor BUFT 1, C4<0>, C4<0>, C4<0>, C4<0>;
L_0000000002847280 .functor XNOR 1, v00000000028598b0_0, L_00000000028ba138, C4<0>, C4<0>;
L_0000000002847440 .functor AND 1, L_0000000002847280, L_00000000028b9620, C4<1>, C4<1>;
L_00000000028ba180 .functor BUFT 1, C4<0>, C4<0>, C4<0>, C4<0>;
L_0000000002847ad0 .functor XNOR 1, v00000000028598b0_0, L_00000000028ba180, C4<0>, C4<0>;
L_0000000002847360 .functor AND 1, L_0000000002847ad0, L_00000000028b9620, C4<1>, C4<1>;
L_00000000028ba1c8 .functor BUFT 1, C4<0>, C4<0>, C4<0>, C4<0>;
L_0000000002847b40 .functor XNOR 1, v00000000028598b0_0, L_00000000028ba1c8, C4<0>, C4<0>;
L_00000000028473d0 .functor AND 1, L_0000000002847b40, L_00000000028b9620, C4<1>, C4<1>;
L_00000000028ba210 .functor BUFT 1, C4<1>, C4<0>, C4<0>, C4<0>;
L_0000000002847600 .functor XNOR 1, v00000000028598b0_0, L_00000000028ba210, C4<0>, C4<0>;
L_0000000002847c20 .functor AND 1, L_0000000002847600, L_00000000028b8e00, C4<1>, C4<1>;
L_00000000028ba258 .functor BUFT 1, C4<1>, C4<0>, C4<0>, C4<0>;
L_00000000028474b0 .functor XNOR 1, v00000000028598b0_0, L_00000000028ba258, C4<0>, C4<0>;
L_0000000002847670 .functor AND 1, L_00000000028474b0, L_00000000028b8e00, C4<1>, C4<1>;
L_00000000028ba2a0 .functor BUFT 1, C4<0>, C4<0>, C4<0>, C4<0>;
L_00000000028478a0 .functor XNOR 1, v00000000028598b0_0, L_00000000028ba2a0, C4<0>, C4<0>;
L_00000000028ba378 .functor BUFT 1, C4<1>, C4<0>, C4<0>, C4<0>;
L_0000000002846f70 .functor XNOR 1, v00000000028598b0_0, L_00000000028ba378, C4<0>, C4<0>;
L_0000000002847980 .functor AND 1, L_0000000002846f70, L_00000000028b8e00, C4<1>, C4<1>;
L_0000000002847bb0 .functor AND 1, L_0000000002847980, L_00000000028b8720, C4<1>, C4<1>;
L_00000000028ba3c0 .functor BUFT 1, C4<0>, C4<0>, C4<0>, C4<0>;
L_0000000002847c90 .functor XNOR 1, v00000000028598b0_0, L_00000000028ba3c0, C4<0>, C4<0>;
L_0000000002846db0 .functor AND 1, L_0000000002847c90, L_00000000028b8900, C4<1>, C4<1>;
v0000000002858190_0 .var "COMPAREVAL", 7 0;
v00000000028591d0_0 .net "ClrCounter", 0 0, L_0000000002847360;  alias, 1 drivers
v0000000002858690_0 .net "Count", 7 0, v0000000002859810_0;  alias, 1 drivers
v0000000002859270_0 .net "Done", 0 0, L_0000000002847bb0;  alias, 1 drivers
v0000000002858910_0 .net "IncCounter", 0 0, L_0000000002847670;  alias, 1 drivers
v00000000028585f0_0 .net "LoadGRBPattern", 0 0, L_0000000002847440;  alias, 1 drivers
v0000000002859db0_0 .net "NumLEDs", 3 1, v00000000028accf0_0;  1 drivers
v00000000028598b0_0 .var "S", 0 0;
v0000000002858870_0 .net "ShiftPattern", 0 0, L_0000000002847c20;  alias, 1 drivers
v0000000002858d70_0 .net "ShipGRB", 0 0, L_00000000028b9620;  alias, 1 drivers
v00000000028584b0_0 .net "StartCoding", 0 0, L_00000000028473d0;  alias, 1 drivers
v00000000028593b0_0 .net/2u *"_s0", 0 0, L_00000000028ba138;  1 drivers
v0000000002859c70_0 .net/2u *"_s12", 0 0, L_00000000028ba1c8;  1 drivers
v0000000002858550_0 .net *"_s14", 0 0, L_0000000002847b40;  1 drivers
v00000000028587d0_0 .net/2u *"_s18", 0 0, L_00000000028ba210;  1 drivers
v0000000002858230_0 .net *"_s2", 0 0, L_0000000002847280;  1 drivers
v0000000002859950_0 .net *"_s20", 0 0, L_0000000002847600;  1 drivers
v0000000002859450_0 .net/2u *"_s24", 0 0, L_00000000028ba258;  1 drivers
v00000000028594f0_0 .net *"_s26", 0 0, L_00000000028474b0;  1 drivers
v0000000002858a50_0 .net/2u *"_s30", 0 0, L_00000000028ba2a0;  1 drivers
v0000000002858370_0 .net *"_s32", 0 0, L_00000000028478a0;  1 drivers
L_00000000028ba2e8 .functor BUFT 1, C4<10>, C4<0>, C4<0>, C4<0>;
v0000000002858af0_0 .net/2u *"_s34", 1 0, L_00000000028ba2e8;  1 drivers
L_00000000028ba330 .functor BUFT 1, C4<0>, C4<0>, C4<0>, C4<0>;
v0000000002859130_0 .net/2u *"_s36", 0 0, L_00000000028ba330;  1 drivers
v0000000002858f50_0 .net *"_s38", 1 0, L_00000000028b82c0;  1 drivers
v0000000002858b90_0 .net/2u *"_s42", 0 0, L_00000000028ba378;  1 drivers
v00000000028596d0_0 .net *"_s44", 0 0, L_0000000002846f70;  1 drivers
v0000000002859770_0 .net *"_s46", 0 0, L_0000000002847980;  1 drivers
v0000000002858c30_0 .net *"_s48", 0 0, L_00000000028b8720;  1 drivers
v0000000002858cd0_0 .net/2u *"_s52", 0 0, L_00000000028ba3c0;  1 drivers
v0000000002859630_0 .net *"_s54", 0 0, L_0000000002847c90;  1 drivers
L_00000000028ba408 .functor BUFT 1, C4<110110111000100>, C4<0>, C4<0>, C4<0>;
v0000000002859f90_0 .net/2u *"_s56", 14 0, L_00000000028ba408;  1 drivers
v00000000028599f0_0 .net *"_s58", 0 0, L_00000000028b8900;  1 drivers
v0000000002858eb0_0 .net/2u *"_s6", 0 0, L_00000000028ba180;  1 drivers
v0000000002858ff0_0 .net *"_s8", 0 0, L_0000000002847ad0;  1 drivers
v0000000002859a90_0 .net "allDone", 0 0, L_0000000002846db0;  alias, 1 drivers
v0000000002859310_0 .net "bdone", 0 0, L_00000000028b8e00;  alias, 1 drivers
v0000000002859bd0_0 .net "clk", 0 0, v00000000028b9800_0;  alias, 1 drivers
v0000000002842d50_0 .var "nS", 0 0;
v0000000002842df0_0 .net "qmode", 1 0, L_00000000028b8360;  alias, 1 drivers
v00000000028434d0_0 .var "rCount", 14 0;
v0000000002843bb0_0 .net "reset", 0 0, L_00000000028b8220;  alias, 1 drivers
v0000000002827a30_0 .net "theBit", 0 0, L_00000000028b89a0;  alias, 1 drivers
E_0000000002852400 .event edge, v0000000002859db0_0;
E_0000000002852340 .event edge, v0000000002859810_0, v0000000002859310_0, v0000000002858d70_0, v00000000028598b0_0;
L_00000000028b82c0 .concat [ 1 1 0 0], L_00000000028b89a0, L_00000000028ba330;
L_00000000028b8360 .functor MUXZ 2, L_00000000028b82c0, L_00000000028ba2e8, L_00000000028478a0, C4<>;
L_00000000028b8720 .cmp/eq 8, v0000000002859810_0, v0000000002858190_0;
L_00000000028b8900 .cmp/eq 15, v00000000028434d0_0, L_00000000028ba408;
S_0000000002806150 .scope module, "nzrgn" "NZRbitGEN" 5 23, 8 19 0, S_0000000002824070;
 .timescale -8 -8;
    .port_info 0 /OUTPUT 1 "bout"
    .port_info 1 /OUTPUT 1 "bdone"
    .port_info 2 /INPUT 2 "qmode"
    .port_info 3 /INPUT 1 "startcoding"
    .port_info 4 /INPUT 1 "clk"
    .port_info 5 /INPUT 1 "reset"
v0000000002828070_0 .net *"_s0", 31 0, L_00000000028b8a40;  1 drivers
L_00000000028ba450 .functor BUFT 1, C4<0000000000000000000000000>, C4<0>, C4<0>, C4<0>;
v00000000028ac1b0_0 .net *"_s3", 24 0, L_00000000028ba450;  1 drivers
L_00000000028ba498 .functor BUFT 1, C4<00000000000000000000000001111111>, C4<0>, C4<0>, C4<0>;
v00000000028ad6f0_0 .net/2u *"_s4", 31 0, L_00000000028ba498;  1 drivers
v00000000028ad650_0 .var "bcount", 6 0;
v00000000028aced0_0 .net "bdone", 0 0, L_00000000028b8e00;  alias, 1 drivers
v00000000028adbf0_0 .var "bout", 0 0;
v00000000028ad970_0 .net "clk", 0 0, v00000000028b9800_0;  alias, 1 drivers
v00000000028ac390_0 .net "qmode", 1 0, L_00000000028b8360;  alias, 1 drivers
v00000000028ad150_0 .net "reset", 0 0, L_00000000028b8220;  alias, 1 drivers
v00000000028ac250_0 .net "startcoding", 0 0, L_00000000028473d0;  alias, 1 drivers
E_0000000002852480 .event edge, v00000000028ad650_0, v0000000002842df0_0;
L_00000000028b8a40 .concat [ 7 25 0 0], v00000000028ad650_0, L_00000000028ba450;
L_00000000028b8e00 .cmp/eq 32, L_00000000028b8a40, L_00000000028ba498;
S_00000000028062d0 .scope module, "shftr" "ShiftRegister" 5 21, 9 6 0, S_0000000002824070;
 .timescale -8 -8;
    .port_info 0 /OUTPUT 1 "CurrentBit"
    .port_info 1 /INPUT 120 "ParallelDataIn"
    .port_info 2 /INPUT 1 "LoadRegister"
    .port_info 3 /INPUT 1 "RotateRegisterLeft"
    .port_info 4 /INPUT 1 "clk"
    .port_info 5 /INPUT 1 "reset"
P_00000000028519c0 .param/l "DEFAULTREG" 0 9 12, C4<000011110000111100001111000011110000111100001111000011110000111100001111000011110000111100001111000011110000111100001111>;
v00000000028aca70_0 .net "CurrentBit", 0 0, L_00000000028b89a0;  alias, 1 drivers
v00000000028ac110_0 .net "LoadRegister", 0 0, L_0000000002847440;  alias, 1 drivers
v00000000028add30_0 .net "ParallelDataIn", 119 0, v0000000002858410_0;  alias, 1 drivers
v00000000028ac930_0 .net "RotateRegisterLeft", 0 0, L_0000000002847c20;  alias, 1 drivers
v00000000028ac430_0 .var "TheReg", 119 0;
v00000000028addd0_0 .net "clk", 0 0, v00000000028b9800_0;  alias, 1 drivers
v00000000028adb50_0 .var "nTheReg", 119 0;
v00000000028acb10_0 .net "reset", 0 0, L_00000000028b8220;  alias, 1 drivers
E_0000000002851b00 .event edge, v0000000002858410_0, v0000000002858870_0, v00000000028585f0_0, v00000000028ac430_0;
L_00000000028b89a0 .part v00000000028ac430_0, 119, 1;
S_000000000281db70 .scope module, "sssm" "SSStateMachine" 5 18, 10 11 0, S_0000000002824070;
 .timescale -8 -8;
    .port_info 0 /OUTPUT 1 "shipGRB"
    .port_info 1 /INPUT 1 "Done"
    .port_info 2 /INPUT 1 "Go"
    .port_info 3 /INPUT 1 "clk"
    .port_info 4 /INPUT 1 "reset"
    .port_info 5 /INPUT 1 "allDone"
    .port_info 6 /OUTPUT 1 "Ready2Go"
P_0000000002806450 .param/l "SDBOUNCE" 0 10 17, C4<11>;
P_0000000002806488 .param/l "SRET" 0 10 17, C4<10>;
P_00000000028064c0 .param/l "SSHIP" 0 10 17, C4<01>;
P_00000000028064f8 .param/l "SWAIT" 0 10 17, C4<00>;
v00000000028ade70_0 .net "Done", 0 0, L_0000000002847bb0;  alias, 1 drivers
v00000000028ac070_0 .net "Go", 0 0, L_00000000028b8ea0;  alias, 1 drivers
v00000000028ac9d0_0 .net "Ready2Go", 0 0, L_00000000028b9940;  alias, 1 drivers
v00000000028ac610_0 .var "S", 1 0;
L_00000000028ba0a8 .functor BUFT 1, C4<00>, C4<0>, C4<0>, C4<0>;
v00000000028adf10_0 .net/2u *"_s0", 1 0, L_00000000028ba0a8;  1 drivers
L_00000000028ba0f0 .functor BUFT 1, C4<01>, C4<0>, C4<0>, C4<0>;
v00000000028ada10_0 .net/2u *"_s4", 1 0, L_00000000028ba0f0;  1 drivers
v00000000028acbb0_0 .net "allDone", 0 0, L_0000000002846db0;  alias, 1 drivers
v00000000028ac4d0_0 .net "clk", 0 0, v00000000028b9800_0;  alias, 1 drivers
v00000000028adab0_0 .var "nS", 1 0;
v00000000028ac2f0_0 .net "reset", 0 0, L_00000000028b8220;  alias, 1 drivers
v00000000028ad5b0_0 .net "shipGRB", 0 0, L_00000000028b9620;  alias, 1 drivers
E_0000000002851d00 .event edge, v0000000002859a90_0, v0000000002859270_0, v00000000028ac070_0, v00000000028ac610_0;
L_00000000028b9940 .cmp/eq 2, v00000000028ac610_0, L_00000000028ba0a8;
L_00000000028b9620 .cmp/eq 2, v00000000028ac610_0, L_00000000028ba0f0;
S_000000000281dcf0 .scope module, "MainGameSM" "gameSM" 3 27, 11 10 0, S_0000000000f9d900;
 .timescale -8 -8;
    .port_info 0 /OUTPUT 5 "field"
    .port_info 1 /OUTPUT 1 "p1score"
    .port_info 2 /OUTPUT 1 "p2score"
    .port_info 3 /INPUT 1 "clk"
    .port_info 4 /INPUT 1 "rst"
    .port_info 5 /INPUT 1 "ready"
    .port_info 6 /INPUT 1 "paddle1"
    .port_info 7 /INPUT 1 "paddle2"
    .port_info 8 /INPUT 1 "serve"
P_0000000002800d40 .param/l "S_1" 0 11 20, C4<10000>;
P_0000000002800d78 .param/l "S_2" 0 11 20, C4<01000>;
P_0000000002800db0 .param/l "S_3" 0 11 20, C4<00100>;
P_0000000002800de8 .param/l "S_4" 0 11 20, C4<00010>;
P_0000000002800e20 .param/l "S_5" 0 11 20, C4<00001>;
P_0000000002800e58 .param/l "S_idle" 0 11 20, C4<00000>;
L_00000000028479f0 .functor BUFZ 5, v00000000028ad3d0_0, C4<00000>, C4<00000>, C4<00000>;
v00000000028ad3d0_0 .var "S", 4 0;
v00000000028ad470_0 .net "clk", 0 0, L_00000000028b8ea0;  alias, 1 drivers
v00000000028b91c0_0 .var "dir", 0 0;
v00000000028b8860_0 .net "field", 4 0, L_00000000028479f0;  alias, 1 drivers
v00000000028b8c20_0 .var "nS", 4 0;
v00000000028b87c0_0 .var "p1score", 0 0;
v00000000028b8f40_0 .var "p2score", 0 0;
v00000000028b99e0_0 .net "paddle1", 0 0, v00000000028b93a0_0;  alias, 1 drivers
v00000000028b9ee0_0 .net "paddle2", 0 0, v00000000028b8680_0;  alias, 1 drivers
v00000000028b8400_0 .net "ready", 0 0, L_00000000028b9940;  alias, 1 drivers
v00000000028b9a80_0 .net "rst", 0 0, L_00000000028b8220;  alias, 1 drivers
v00000000028b9260_0 .net "serve", 0 0, v00000000028b80e0_0;  alias, 1 drivers
E_0000000002851700 .event posedge, v00000000028ac070_0;
E_0000000002851a00 .event negedge, v00000000028580f0_0;
S_0000000002800ea0 .scope module, "gameClkGenerator" "ClockDivider" 3 39, 12 1 0, S_0000000000f9d900;
 .timescale -8 -8;
    .port_info 0 /INPUT 1 "in"
    .port_info 1 /OUTPUT 1 "out"
    .port_info 2 /INPUT 1 "rst"
v00000000028b9580_0 .var "currentCount", 31 0;
v00000000028b8ae0_0 .net "in", 0 0, v00000000028b9800_0;  alias, 1 drivers
v00000000028b96c0_0 .net "out", 0 0, L_00000000028b8ea0;  alias, 1 drivers
v00000000028b9d00_0 .net "rst", 0 0, L_00000000028b8220;  alias, 1 drivers
E_0000000002851bc0/0 .event negedge, v00000000028580f0_0;
E_0000000002851bc0/1 .event posedge, v00000000028589b0_0;
E_0000000002851bc0 .event/or E_0000000002851bc0/0, E_0000000002851bc0/1;
L_00000000028b8ea0 .part v00000000028b9580_0, 23, 1;
    .scope S_000000000281dcf0;
T_0 ;
    %pushi/vec4 1, 0, 1;
    %store/vec4 v00000000028b91c0_0, 0, 1;
    %end;
    .thread T_0;
    .scope S_000000000281dcf0;
T_1 ;
    %wait E_0000000002851a00;
    %load/vec4 v00000000028b9a80_0;
    %pad/u 32;
    %cmpi/e 0, 0, 32;
    %jmp/0xz  T_1.0, 4;
    %pushi/vec4 0, 0, 5;
    %assign/vec4 v00000000028ad3d0_0, 0;
    %pushi/vec4 0, 0, 5;
    %assign/vec4 v00000000028b8c20_0, 0;
    %pushi/vec4 0, 0, 1;
    %assign/vec4 v00000000028b87c0_0, 0;
    %pushi/vec4 0, 0, 1;
    %assign/vec4 v00000000028b8f40_0, 0;
T_1.0 ;
    %jmp T_1;
    .thread T_1;
    .scope S_000000000281dcf0;
T_2 ;
    %wait E_0000000002851700;
    %load/vec4 v00000000028ad3d0_0;
    %dup/vec4;
    %pushi/vec4 0, 0, 5;
    %cmp/u;
    %jmp/1 T_2.0, 6;
    %dup/vec4;
    %pushi/vec4 16, 0, 5;
    %cmp/u;
    %jmp/1 T_2.1, 6;
    %dup/vec4;
    %pushi/vec4 8, 0, 5;
    %cmp/u;
    %jmp/1 T_2.2, 6;
    %dup/vec4;
    %pushi/vec4 4, 0, 5;
    %cmp/u;
    %jmp/1 T_2.3, 6;
    %dup/vec4;
    %pushi/vec4 2, 0, 5;
    %cmp/u;
    %jmp/1 T_2.4, 6;
    %dup/vec4;
    %pushi/vec4 1, 0, 5;
    %cmp/u;
    %jmp/1 T_2.5, 6;
    %jmp T_2.6;
T_2.0 ;
    %pushi/vec4 0, 0, 1;
    %assign/vec4 v00000000028b87c0_0, 0;
    %pushi/vec4 0, 0, 1;
    %assign/vec4 v00000000028b8f40_0, 0;
    %load/vec4 v00000000028b9260_0;
    %flag_set/vec4 8;
    %jmp/0xz  T_2.7, 8;
    %pushi/vec4 4, 0, 5;
    %assign/vec4 v00000000028b8c20_0, 0;
    %jmp T_2.8;
T_2.7 ;
    %pushi/vec4 0, 0, 5;
    %assign/vec4 v00000000028b8c20_0, 0;
T_2.8 ;
    %jmp T_2.6;
T_2.1 ;
    %load/vec4 v00000000028b99e0_0;
    %flag_set/vec4 8;
    %jmp/0xz  T_2.9, 8;
    %pushi/vec4 1, 0, 1;
    %assign/vec4 v00000000028b91c0_0, 0;
    %pushi/vec4 8, 0, 5;
    %assign/vec4 v00000000028b8c20_0, 0;
    %jmp T_2.10;
T_2.9 ;
    %pushi/vec4 1, 0, 1;
    %assign/vec4 v00000000028b8f40_0, 0;
    %pushi/vec4 0, 0, 1;
    %assign/vec4 v00000000028b87c0_0, 0;
    %pushi/vec4 0, 0, 5;
    %assign/vec4 v00000000028b8c20_0, 0;
T_2.10 ;
    %jmp T_2.6;
T_2.2 ;
    %load/vec4 v00000000028b91c0_0;
    %flag_set/vec4 8;
    %jmp/0 T_2.11, 8;
    %pushi/vec4 4, 0, 5;
    %jmp/1 T_2.12, 8;
T_2.11 ; End of true expr.
    %pushi/vec4 16, 0, 5;
    %jmp/0 T_2.12, 8;
 ; End of false expr.
    %blend;
T_2.12;
    %assign/vec4 v00000000028b8c20_0, 0;
    %pushi/vec4 0, 0, 1;
    %assign/vec4 v00000000028b87c0_0, 0;
    %pushi/vec4 0, 0, 1;
    %assign/vec4 v00000000028b8f40_0, 0;
    %jmp T_2.6;
T_2.3 ;
    %load/vec4 v00000000028b91c0_0;
    %flag_set/vec4 8;
    %jmp/0 T_2.13, 8;
    %pushi/vec4 2, 0, 5;
    %jmp/1 T_2.14, 8;
T_2.13 ; End of true expr.
    %pushi/vec4 8, 0, 5;
    %jmp/0 T_2.14, 8;
 ; End of false expr.
    %blend;
T_2.14;
    %assign/vec4 v00000000028b8c20_0, 0;
    %pushi/vec4 0, 0, 1;
    %assign/vec4 v00000000028b87c0_0, 0;
    %pushi/vec4 0, 0, 1;
    %assign/vec4 v00000000028b8f40_0, 0;
    %jmp T_2.6;
T_2.4 ;
    %load/vec4 v00000000028b91c0_0;
    %flag_set/vec4 8;
    %jmp/0 T_2.15, 8;
    %pushi/vec4 1, 0, 5;
    %jmp/1 T_2.16, 8;
T_2.15 ; End of true expr.
    %pushi/vec4 4, 0, 5;
    %jmp/0 T_2.16, 8;
 ; End of false expr.
    %blend;
T_2.16;
    %assign/vec4 v00000000028b8c20_0, 0;
    %pushi/vec4 0, 0, 1;
    %assign/vec4 v00000000028b87c0_0, 0;
    %pushi/vec4 0, 0, 1;
    %assign/vec4 v00000000028b8f40_0, 0;
    %jmp T_2.6;
T_2.5 ;
    %load/vec4 v00000000028b9ee0_0;
    %flag_set/vec4 8;
    %jmp/0xz  T_2.17, 8;
    %pushi/vec4 0, 0, 1;
    %assign/vec4 v00000000028b91c0_0, 0;
    %pushi/vec4 2, 0, 5;
    %assign/vec4 v00000000028b8c20_0, 0;
    %jmp T_2.18;
T_2.17 ;
    %pushi/vec4 0, 0, 1;
    %assign/vec4 v00000000028b8f40_0, 0;
    %pushi/vec4 1, 0, 1;
    %assign/vec4 v00000000028b87c0_0, 0;
    %pushi/vec4 0, 0, 5;
    %assign/vec4 v00000000028b8c20_0, 0;
T_2.18 ;
    %jmp T_2.6;
T_2.6 ;
    %pop/vec4 1;
    %jmp T_2;
    .thread T_2;
    .scope S_000000000281dcf0;
T_3 ;
    %wait E_0000000002851700;
    %load/vec4 v00000000028b8400_0;
    %pad/u 32;
    %cmpi/e 1, 0, 32;
    %jmp/0xz  T_3.0, 4;
    %load/vec4 v00000000028b8c20_0;
    %assign/vec4 v00000000028ad3d0_0, 0;
    %jmp T_3.1;
T_3.0 ;
    %load/vec4 v00000000028ad3d0_0;
    %assign/vec4 v00000000028ad3d0_0, 0;
T_3.1 ;
    %jmp T_3;
    .thread T_3;
    .scope S_000000000281db70;
T_4 ;
    %wait E_00000000028515c0;
    %load/vec4 v00000000028ac2f0_0;
    %pad/u 32;
    %cmpi/e 0, 0, 32;
    %jmp/0xz  T_4.0, 4;
    %pushi/vec4 0, 0, 2;
    %assign/vec4 v00000000028ac610_0, 0;
    %jmp T_4.1;
T_4.0 ;
    %load/vec4 v00000000028adab0_0;
    %assign/vec4 v00000000028ac610_0, 0;
T_4.1 ;
    %jmp T_4;
    .thread T_4;
    .scope S_000000000281db70;
T_5 ;
    %wait E_0000000002851d00;
    %load/vec4 v00000000028ac610_0;
    %dup/vec4;
    %pushi/vec4 0, 0, 2;
    %cmp/u;
    %jmp/1 T_5.0, 6;
    %dup/vec4;
    %pushi/vec4 1, 0, 2;
    %cmp/u;
    %jmp/1 T_5.1, 6;
    %dup/vec4;
    %pushi/vec4 2, 0, 2;
    %cmp/u;
    %jmp/1 T_5.2, 6;
    %dup/vec4;
    %pushi/vec4 3, 0, 2;
    %cmp/u;
    %jmp/1 T_5.3, 6;
    %pushi/vec4 0, 0, 2;
    %store/vec4 v00000000028adab0_0, 0, 2;
    %jmp T_5.5;
T_5.0 ;
    %load/vec4 v00000000028ac070_0;
    %flag_set/vec4 8;
    %jmp/0 T_5.6, 8;
    %pushi/vec4 1, 0, 2;
    %jmp/1 T_5.7, 8;
T_5.6 ; End of true expr.
    %pushi/vec4 0, 0, 2;
    %jmp/0 T_5.7, 8;
 ; End of false expr.
    %blend;
T_5.7;
    %store/vec4 v00000000028adab0_0, 0, 2;
    %jmp T_5.5;
T_5.1 ;
    %load/vec4 v00000000028ade70_0;
    %flag_set/vec4 8;
    %jmp/0 T_5.8, 8;
    %pushi/vec4 2, 0, 2;
    %jmp/1 T_5.9, 8;
T_5.8 ; End of true expr.
    %pushi/vec4 1, 0, 2;
    %jmp/0 T_5.9, 8;
 ; End of false expr.
    %blend;
T_5.9;
    %store/vec4 v00000000028adab0_0, 0, 2;
    %jmp T_5.5;
T_5.2 ;
    %load/vec4 v00000000028acbb0_0;
    %flag_set/vec4 8;
    %jmp/0 T_5.10, 8;
    %pushi/vec4 3, 0, 2;
    %jmp/1 T_5.11, 8;
T_5.10 ; End of true expr.
    %pushi/vec4 2, 0, 2;
    %jmp/0 T_5.11, 8;
 ; End of false expr.
    %blend;
T_5.11;
    %store/vec4 v00000000028adab0_0, 0, 2;
    %jmp T_5.5;
T_5.3 ;
    %load/vec4 v00000000028ac070_0;
    %flag_set/vec4 8;
    %jmp/0 T_5.12, 8;
    %pushi/vec4 3, 0, 2;
    %jmp/1 T_5.13, 8;
T_5.12 ; End of true expr.
    %pushi/vec4 0, 0, 2;
    %jmp/0 T_5.13, 8;
 ; End of false expr.
    %blend;
T_5.13;
    %store/vec4 v00000000028adab0_0, 0, 2;
    %jmp T_5.5;
T_5.5 ;
    %pop/vec4 1;
    %jmp T_5;
    .thread T_5, $push;
    .scope S_00000000027fb5f0;
T_6 ;
    %wait E_00000000028515c0;
    %load/vec4 v0000000002843bb0_0;
    %pad/u 32;
    %cmpi/e 0, 0, 32;
    %jmp/0xz  T_6.0, 4;
    %pushi/vec4 0, 0, 1;
    %assign/vec4 v00000000028598b0_0, 0;
    %jmp T_6.1;
T_6.0 ;
    %load/vec4 v0000000002842d50_0;
    %assign/vec4 v00000000028598b0_0, 0;
T_6.1 ;
    %jmp T_6;
    .thread T_6;
    .scope S_00000000027fb5f0;
T_7 ;
    %wait E_0000000002852340;
    %load/vec4 v00000000028598b0_0;
    %dup/vec4;
    %pushi/vec4 0, 0, 1;
    %cmp/u;
    %jmp/1 T_7.0, 6;
    %dup/vec4;
    %pushi/vec4 1, 0, 1;
    %cmp/u;
    %jmp/1 T_7.1, 6;
    %pushi/vec4 0, 0, 1;
    %store/vec4 v0000000002842d50_0, 0, 1;
    %jmp T_7.3;
T_7.0 ;
    %load/vec4 v0000000002858d70_0;
    %flag_set/vec4 8;
    %jmp/0 T_7.4, 8;
    %pushi/vec4 1, 0, 1;
    %jmp/1 T_7.5, 8;
T_7.4 ; End of true expr.
    %pushi/vec4 0, 0, 1;
    %jmp/0 T_7.5, 8;
 ; End of false expr.
    %blend;
T_7.5;
    %store/vec4 v0000000002842d50_0, 0, 1;
    %jmp T_7.3;
T_7.1 ;
    %load/vec4 v0000000002859310_0;
    %load/vec4 v0000000002858690_0;
    %load/vec4 v0000000002858190_0;
    %cmp/e;
    %flag_get/vec4 4;
    %and;
    %flag_set/vec4 8;
    %jmp/0 T_7.6, 8;
    %pushi/vec4 0, 0, 1;
    %jmp/1 T_7.7, 8;
T_7.6 ; End of true expr.
    %pushi/vec4 1, 0, 1;
    %jmp/0 T_7.7, 8;
 ; End of false expr.
    %blend;
T_7.7;
    %store/vec4 v0000000002842d50_0, 0, 1;
    %jmp T_7.3;
T_7.3 ;
    %pop/vec4 1;
    %jmp T_7;
    .thread T_7, $push;
    .scope S_00000000027fb5f0;
T_8 ;
    %wait E_0000000002852400;
    %load/vec4 v0000000002859db0_0;
    %dup/vec4;
    %pushi/vec4 1, 0, 3;
    %cmp/u;
    %jmp/1 T_8.0, 6;
    %dup/vec4;
    %pushi/vec4 2, 0, 3;
    %cmp/u;
    %jmp/1 T_8.1, 6;
    %dup/vec4;
    %pushi/vec4 3, 0, 3;
    %cmp/u;
    %jmp/1 T_8.2, 6;
    %dup/vec4;
    %pushi/vec4 4, 0, 3;
    %cmp/u;
    %jmp/1 T_8.3, 6;
    %dup/vec4;
    %pushi/vec4 5, 0, 3;
    %cmp/u;
    %jmp/1 T_8.4, 6;
    %pushi/vec4 23, 0, 8;
    %store/vec4 v0000000002858190_0, 0, 8;
    %jmp T_8.6;
T_8.0 ;
    %pushi/vec4 23, 0, 8;
    %store/vec4 v0000000002858190_0, 0, 8;
    %jmp T_8.6;
T_8.1 ;
    %pushi/vec4 47, 0, 8;
    %store/vec4 v0000000002858190_0, 0, 8;
    %jmp T_8.6;
T_8.2 ;
    %pushi/vec4 71, 0, 8;
    %store/vec4 v0000000002858190_0, 0, 8;
    %jmp T_8.6;
T_8.3 ;
    %pushi/vec4 95, 0, 8;
    %store/vec4 v0000000002858190_0, 0, 8;
    %jmp T_8.6;
T_8.4 ;
    %pushi/vec4 119, 0, 8;
    %store/vec4 v0000000002858190_0, 0, 8;
    %jmp T_8.6;
T_8.6 ;
    %pop/vec4 1;
    %jmp T_8;
    .thread T_8, $push;
    .scope S_00000000027fb5f0;
T_9 ;
    %wait E_00000000028515c0;
    %load/vec4 v0000000002843bb0_0;
    %pad/u 32;
    %cmpi/e 0, 0, 32;
    %flag_mov 8, 4;
    %load/vec4 v0000000002859270_0;
    %flag_set/vec4 9;
    %flag_or 9, 8;
    %jmp/0xz  T_9.0, 9;
    %pushi/vec4 0, 0, 15;
    %assign/vec4 v00000000028434d0_0, 0;
    %jmp T_9.1;
T_9.0 ;
    %load/vec4 v00000000028598b0_0;
    %cmpi/e 0, 0, 1;
    %jmp/0xz  T_9.2, 4;
    %load/vec4 v00000000028434d0_0;
    %addi 1, 0, 15;
    %assign/vec4 v00000000028434d0_0, 0;
    %jmp T_9.3;
T_9.2 ;
    %load/vec4 v00000000028434d0_0;
    %assign/vec4 v00000000028434d0_0, 0;
T_9.3 ;
T_9.1 ;
    %jmp T_9;
    .thread T_9;
    .scope S_00000000028062d0;
T_10 ;
    %wait E_00000000028515c0;
    %load/vec4 v00000000028acb10_0;
    %pad/u 32;
    %cmpi/e 0, 0, 32;
    %jmp/0xz  T_10.0, 4;
    %pushi/vec4 4042322160, 0, 36;
    %concati/vec4 4042322160, 0, 32;
    %concati/vec4 4042322160, 0, 32;
    %concati/vec4 986895, 0, 20;
    %assign/vec4 v00000000028ac430_0, 0;
    %jmp T_10.1;
T_10.0 ;
    %load/vec4 v00000000028adb50_0;
    %assign/vec4 v00000000028ac430_0, 0;
T_10.1 ;
    %jmp T_10;
    .thread T_10;
    .scope S_00000000028062d0;
T_11 ;
    %wait E_0000000002851b00;
    %load/vec4 v00000000028ac110_0;
    %flag_set/vec4 8;
    %jmp/0xz  T_11.0, 8;
    %load/vec4 v00000000028add30_0;
    %store/vec4 v00000000028adb50_0, 0, 120;
    %jmp T_11.1;
T_11.0 ;
    %load/vec4 v00000000028ac930_0;
    %flag_set/vec4 8;
    %jmp/0xz  T_11.2, 8;
    %load/vec4 v00000000028ac430_0;
    %parti/s 119, 0, 2;
    %load/vec4 v00000000028ac430_0;
    %parti/s 1, 119, 8;
    %concat/vec4; draw_concat_vec4
    %store/vec4 v00000000028adb50_0, 0, 120;
    %jmp T_11.3;
T_11.2 ;
    %load/vec4 v00000000028ac430_0;
    %store/vec4 v00000000028adb50_0, 0, 120;
T_11.3 ;
T_11.1 ;
    %jmp T_11;
    .thread T_11, $push;
    .scope S_00000000027fb470;
T_12 ;
    %wait E_00000000028515c0;
    %load/vec4 v00000000028580f0_0;
    %pad/u 32;
    %cmpi/e 0, 0, 32;
    %jmp/0xz  T_12.0, 4;
    %pushi/vec4 0, 0, 8;
    %assign/vec4 v0000000002859810_0, 0;
    %jmp T_12.1;
T_12.0 ;
    %load/vec4 v0000000002859590_0;
    %assign/vec4 v0000000002859810_0, 0;
T_12.1 ;
    %jmp T_12;
    .thread T_12;
    .scope S_00000000027fb470;
T_13 ;
    %wait E_0000000002851980;
    %load/vec4 v00000000028580f0_0;
    %pad/u 32;
    %cmpi/e 0, 0, 32;
    %flag_mov 8, 4;
    %load/vec4 v0000000002859b30_0;
    %flag_set/vec4 9;
    %flag_or 9, 8;
    %jmp/0xz  T_13.0, 9;
    %pushi/vec4 0, 0, 8;
    %store/vec4 v0000000002859590_0, 0, 8;
    %jmp T_13.1;
T_13.0 ;
    %load/vec4 v0000000002858730_0;
    %flag_set/vec4 8;
    %jmp/0xz  T_13.2, 8;
    %load/vec4 v0000000002859810_0;
    %addi 1, 0, 8;
    %store/vec4 v0000000002859590_0, 0, 8;
    %jmp T_13.3;
T_13.2 ;
    %load/vec4 v0000000002859810_0;
    %store/vec4 v0000000002859590_0, 0, 8;
T_13.3 ;
T_13.1 ;
    %jmp T_13;
    .thread T_13, $push;
    .scope S_0000000002806150;
T_14 ;
    %wait E_00000000028515c0;
    %load/vec4 v00000000028ad150_0;
    %pad/u 32;
    %cmpi/e 0, 0, 32;
    %flag_mov 8, 4;
    %load/vec4 v00000000028ac250_0;
    %flag_set/vec4 9;
    %flag_or 9, 8;
    %jmp/0xz  T_14.0, 9;
    %pushi/vec4 0, 0, 7;
    %assign/vec4 v00000000028ad650_0, 0;
    %jmp T_14.1;
T_14.0 ;
    %load/vec4 v00000000028ad650_0;
    %addi 1, 0, 7;
    %assign/vec4 v00000000028ad650_0, 0;
T_14.1 ;
    %jmp T_14;
    .thread T_14;
    .scope S_0000000002806150;
T_15 ;
    %wait E_0000000002852480;
    %load/vec4 v00000000028ac390_0;
    %dup/vec4;
    %pushi/vec4 0, 0, 2;
    %cmp/u;
    %jmp/1 T_15.0, 6;
    %dup/vec4;
    %pushi/vec4 1, 0, 2;
    %cmp/u;
    %jmp/1 T_15.1, 6;
    %dup/vec4;
    %pushi/vec4 2, 0, 2;
    %cmp/u;
    %jmp/1 T_15.2, 6;
    %dup/vec4;
    %pushi/vec4 3, 0, 2;
    %cmp/u;
    %jmp/1 T_15.3, 6;
    %pushi/vec4 0, 0, 1;
    %store/vec4 v00000000028adbf0_0, 0, 1;
    %jmp T_15.5;
T_15.0 ;
    %load/vec4 v00000000028ad650_0;
    %pad/u 32;
    %cmpi/u 36, 0, 32;
    %flag_mov 8, 5;
    %jmp/0 T_15.6, 8;
    %pushi/vec4 1, 0, 2;
    %jmp/1 T_15.7, 8;
T_15.6 ; End of true expr.
    %pushi/vec4 0, 0, 2;
    %jmp/0 T_15.7, 8;
 ; End of false expr.
    %blend;
T_15.7;
    %pad/s 1;
    %store/vec4 v00000000028adbf0_0, 0, 1;
    %jmp T_15.5;
T_15.1 ;
    %load/vec4 v00000000028ad650_0;
    %pad/u 32;
    %cmpi/u 92, 0, 32;
    %flag_mov 8, 5;
    %jmp/0 T_15.8, 8;
    %pushi/vec4 1, 0, 2;
    %jmp/1 T_15.9, 8;
T_15.8 ; End of true expr.
    %pushi/vec4 0, 0, 2;
    %jmp/0 T_15.9, 8;
 ; End of false expr.
    %blend;
T_15.9;
    %pad/s 1;
    %store/vec4 v00000000028adbf0_0, 0, 1;
    %jmp T_15.5;
T_15.2 ;
    %pushi/vec4 0, 0, 1;
    %store/vec4 v00000000028adbf0_0, 0, 1;
    %jmp T_15.5;
T_15.3 ;
    %pushi/vec4 1, 0, 1;
    %store/vec4 v00000000028adbf0_0, 0, 1;
    %jmp T_15.5;
T_15.5 ;
    %pop/vec4 1;
    %jmp T_15;
    .thread T_15, $push;
    .scope S_0000000002824070;
T_16 ;
    %pushi/vec4 5, 0, 3;
    %store/vec4 v00000000028accf0_0, 0, 3;
    %end;
    .thread T_16;
    .scope S_0000000002823ef0;
T_17 ;
    %wait E_0000000002851940;
    %load/vec4 v0000000002859ef0_0;
    %dup/vec4;
    %pushi/vec4 16, 0, 5;
    %cmp/u;
    %jmp/1 T_17.0, 6;
    %dup/vec4;
    %pushi/vec4 8, 0, 5;
    %cmp/u;
    %jmp/1 T_17.1, 6;
    %dup/vec4;
    %pushi/vec4 4, 0, 5;
    %cmp/u;
    %jmp/1 T_17.2, 6;
    %dup/vec4;
    %pushi/vec4 2, 0, 5;
    %cmp/u;
    %jmp/1 T_17.3, 6;
    %dup/vec4;
    %pushi/vec4 1, 0, 5;
    %cmp/u;
    %jmp/1 T_17.4, 6;
    %pushi/vec4 4042322160, 0, 36;
    %concati/vec4 4042322160, 0, 32;
    %concati/vec4 4042322160, 0, 32;
    %concati/vec4 986895, 0, 20;
    %store/vec4 v0000000002858410_0, 0, 120;
    %jmp T_17.6;
T_17.0 ;
    %pushi/vec4 4278194192, 0, 40;
    %concati/vec4 2155905152, 0, 35;
    %concati/vec4 2155905152, 0, 32;
    %concati/vec4 4112, 0, 13;
    %store/vec4 v0000000002858410_0, 0, 120;
    %jmp T_17.6;
T_17.1 ;
    %pushi/vec4 2155905031, 0, 35;
    %concati/vec4 4160782464, 0, 32;
    %concati/vec4 2155905152, 0, 32;
    %concati/vec4 1052688, 0, 21;
    %store/vec4 v0000000002858410_0, 0, 120;
    %jmp T_17.6;
T_17.2 ;
    %pushi/vec4 2155905031, 0, 35;
    %concati/vec4 4160782464, 0, 32;
    %concati/vec4 2155905152, 0, 32;
    %concati/vec4 1052688, 0, 21;
    %store/vec4 v0000000002858410_0, 0, 120;
    %jmp T_17.6;
T_17.3 ;
    %pushi/vec4 2155905152, 0, 35;
    %concati/vec4 2155905152, 0, 32;
    %concati/vec4 2148005888, 0, 32;
    %concati/vec4 1052688, 0, 21;
    %store/vec4 v0000000002858410_0, 0, 120;
    %jmp T_17.6;
T_17.4 ;
    %pushi/vec4 2155905152, 0, 35;
    %concati/vec4 2155905152, 0, 32;
    %concati/vec4 2155905152, 0, 32;
    %concati/vec4 65280, 0, 21;
    %store/vec4 v0000000002858410_0, 0, 120;
    %jmp T_17.6;
T_17.6 ;
    %pop/vec4 1;
    %jmp T_17;
    .thread T_17, $push;
    .scope S_0000000002800ea0;
T_18 ;
    %wait E_0000000002851bc0;
    %load/vec4 v00000000028b9d00_0;
    %pad/u 32;
    %cmpi/e 0, 0, 32;
    %jmp/0xz  T_18.0, 4;
    %pushi/vec4 0, 0, 32;
    %assign/vec4 v00000000028b9580_0, 0;
    %jmp T_18.1;
T_18.0 ;
    %load/vec4 v00000000028b9580_0;
    %addi 1, 0, 32;
    %assign/vec4 v00000000028b9580_0, 0;
T_18.1 ;
    %jmp T_18;
    .thread T_18;
    .scope S_00000000028564f0;
T_19 ;
    %vpi_call 2 24 "$dumpfile", "tb_topLevel.vcd" {0 0 0};
    %vpi_call 2 25 "$dumpvars", 32'sb00000000000000000000000000000000, S_00000000028564f0 {0 0 0};
    %end;
    .thread T_19;
    .scope S_00000000028564f0;
T_20 ;
    %delay 1, 0;
    %load/vec4 v00000000028b9800_0;
    %nor/r;
    %store/vec4 v00000000028b9800_0, 0, 1;
    %jmp T_20;
    .thread T_20;
    .scope S_00000000028564f0;
T_21 ;
    %pushi/vec4 1, 0, 1;
    %store/vec4 v00000000028b9da0_0, 0, 1;
    %pushi/vec4 0, 0, 1;
    %store/vec4 v00000000028b9800_0, 0, 1;
    %pushi/vec4 1, 0, 1;
    %store/vec4 v00000000028b93a0_0, 0, 1;
    %pushi/vec4 1, 0, 1;
    %store/vec4 v00000000028b8680_0, 0, 1;
    %pushi/vec4 1, 0, 1;
    %store/vec4 v00000000028b80e0_0, 0, 1;
    %end;
    .thread T_21;
    .scope S_00000000028564f0;
T_22 ;
    %fork t_1, S_00000000028564f0;
    %fork t_2, S_00000000028564f0;
    %fork t_3, S_00000000028564f0;
    %fork t_4, S_00000000028564f0;
    %join;
    %join;
    %join;
    %join;
    %jmp t_0;
t_1 ;
    %delay 5, 0;
    %pushi/vec4 0, 0, 1;
    %store/vec4 v00000000028b9da0_0, 0, 1;
    %end;
t_2 ;
    %delay 120000, 0;
    %pushi/vec4 1, 0, 1;
    %store/vec4 v00000000028b80e0_0, 0, 1;
    %end;
t_3 ;
    %delay 240000, 0;
    %pushi/vec4 0, 0, 1;
    %store/vec4 v00000000028b80e0_0, 0, 1;
    %end;
t_4 ;
    %delay 180000000, 0;
    %vpi_call 2 44 "$finish" {0 0 0};
    %end;
    .scope S_00000000028564f0;
t_0 ;
    %end;
    .thread T_22;
# The file index is used to find the file name in the following table.
:file_names 13;
    "N/A";
    "<interactive>";
    "tb_topLevel.v";
    "topLevel.v";
    "./LEDPatternGenerator.v";
    "./SimpleSend.v";
    "./BitCounter.v";
    "./GRBStateMachine.v";
    "./NZRBitGEN.v";
    "./ShiftRegister.v";
    "./SSStateMachine.v";
    "./gameSM.v";
    "./ClockDivider.v";
