#! c:/iverilog-x64/bin/vvp
:ivl_version "10.1 (stable)" "(v10_1_1)";
:ivl_delay_selection "TYPICAL";
:vpi_time_precision + 0;
:vpi_module "system";
:vpi_module "vhdl_sys";
:vpi_module "v2005_math";
:vpi_module "va_math";
S_0000000001047470 .scope module, "ShiftRegister" "ShiftRegister" 2 1;
 .timescale 0 0;
    .port_info 0 /OUTPUT 1 "CurrentBit"
    .port_info 1 /INPUT 12 "sw"
    .port_info 2 /INPUT 1 "LoadRegister"
    .port_info 3 /INPUT 1 "RotateRegisterLeft"
    .port_info 4 /INPUT 1 "clk"
    .port_info 5 /INPUT 1 "reset"
P_0000000002833e20 .param/l "DEFAULTREG" 0 2 7, C4<000011110000111100001111>;
v0000000002836040_0 .net "CurrentBit", 0 0, L_00000000028894b0;  1 drivers
o0000000002838748 .functor BUFZ 1, C4<z>; HiZ drive
v0000000002836a10_0 .net "LoadRegister", 0 0, o0000000002838748;  0 drivers
o0000000002838778 .functor BUFZ 1, C4<z>; HiZ drive
v00000000010475f0_0 .net "RotateRegisterLeft", 0 0, o0000000002838778;  0 drivers
v0000000001047690_0 .var "TheReg", 23 0;
o00000000028387d8 .functor BUFZ 1, C4<z>; HiZ drive
v0000000001047730_0 .net "clk", 0 0, o00000000028387d8;  0 drivers
o0000000002838808 .functor BUFZ 1, C4<z>; HiZ drive
v00000000010477d0_0 .net "reset", 0 0, o0000000002838808;  0 drivers
o0000000002838838 .functor BUFZ 12, C4<zzzzzzzzzzzz>; HiZ drive
v0000000002889410_0 .net "sw", 15 4, o0000000002838838;  0 drivers
E_00000000028343a0 .event posedge, v0000000001047730_0;
L_00000000028894b0 .part v0000000001047690_0, 23, 1;
    .scope S_0000000001047470;
T_0 ;
    %wait E_00000000028343a0;
    %load/vec4 v00000000010477d0_0;
    %flag_set/vec4 8;
    %jmp/0xz  T_0.0, 8;
    %pushi/vec4 986895, 0, 24;
    %assign/vec4 v0000000001047690_0, 0;
    %jmp T_0.1;
T_0.0 ;
    %load/vec4 v0000000002836a10_0;
    %flag_set/vec4 8;
    %jmp/0xz  T_0.2, 8;
    %pushi/vec4 0, 0, 4;
    %ix/load 4, 0, 0;
    %ix/load 5, 0, 0;
    %flag_set/imm 4, 0;
    %assign/vec4/off/d v0000000001047690_0, 4, 5;
    %load/vec4 v0000000002889410_0;
    %parti/s 4, 0, 2;
    %ix/load 4, 4, 0;
    %ix/load 5, 0, 0;
    %flag_set/imm 4, 0;
    %assign/vec4/off/d v0000000001047690_0, 4, 5;
    %pushi/vec4 0, 0, 4;
    %ix/load 4, 8, 0;
    %ix/load 5, 0, 0;
    %flag_set/imm 4, 0;
    %assign/vec4/off/d v0000000001047690_0, 4, 5;
    %load/vec4 v0000000002889410_0;
    %parti/s 4, 8, 5;
    %ix/load 4, 12, 0;
    %ix/load 5, 0, 0;
    %flag_set/imm 4, 0;
    %assign/vec4/off/d v0000000001047690_0, 4, 5;
    %pushi/vec4 0, 0, 4;
    %ix/load 4, 16, 0;
    %ix/load 5, 0, 0;
    %flag_set/imm 4, 0;
    %assign/vec4/off/d v0000000001047690_0, 4, 5;
    %pushi/vec4 15, 15, 4;
    %ix/load 4, 20, 0;
    %ix/load 5, 0, 0;
    %flag_set/imm 4, 0;
    %assign/vec4/off/d v0000000001047690_0, 4, 5;
    %jmp T_0.3;
T_0.2 ;
    %load/vec4 v00000000010475f0_0;
    %flag_set/vec4 8;
    %jmp/0xz  T_0.4, 8;
    %load/vec4 v0000000001047690_0;
    %ix/load 4, 1, 0;
    %flag_set/imm 4, 0;
    %shiftl 4;
    %assign/vec4 v0000000001047690_0, 0;
T_0.4 ;
T_0.3 ;
T_0.1 ;
    %jmp T_0;
    .thread T_0;
# The file index is used to find the file name in the following table.
:file_names 3;
    "N/A";
    "<interactive>";
    "ShiftRegister.v";
