#! c:/iverilog-x64/bin/vvp
:ivl_version "10.1 (stable)" "(v10_1_1)";
:ivl_delay_selection "TYPICAL";
:vpi_time_precision - 10;
:vpi_module "system";
:vpi_module "vhdl_sys";
:vpi_module "v2005_math";
:vpi_module "va_math";
S_000000000100b9d0 .scope module, "tb_BitCounter" "tb_BitCounter" 2 2;
 .timescale -8 -10;
v000000000105fc30_0 .var "t_ClearCounter", 0 0;
v000000000105fcd0_0 .net "t_Count", 7 0, v000000000112dbe0_0;  1 drivers
v000000000105fd70_0 .var "t_IncCounter", 0 0;
v000000000105fe10_0 .var "t_clk", 0 0;
v000000000105feb0_0 .var "t_reset", 0 0;
S_000000000112da60 .scope module, "uut" "BitCounter" 2 8, 3 1 0, S_000000000100b9d0;
 .timescale 0 0;
    .port_info 0 /OUTPUT 8 "Count"
    .port_info 1 /INPUT 1 "ClearCounter"
    .port_info 2 /INPUT 1 "IncCounter"
    .port_info 3 /INPUT 1 "clk"
    .port_info 4 /INPUT 1 "reset"
v000000000100bb50_0 .net "ClearCounter", 0 0, v000000000105fc30_0;  1 drivers
v000000000112dbe0_0 .var "Count", 7 0;
v000000000112dc80_0 .net "IncCounter", 0 0, v000000000105fd70_0;  1 drivers
v000000000112dd20_0 .net "clk", 0 0, v000000000105fe10_0;  1 drivers
v000000000112ddc0_0 .net "reset", 0 0, v000000000105feb0_0;  1 drivers
E_0000000001008f00 .event posedge, v000000000112dd20_0;
    .scope S_000000000112da60;
T_0 ;
    %wait E_0000000001008f00;
    %load/vec4 v000000000112ddc0_0;
    %pad/u 32;
    %cmpi/e 1, 0, 32;
    %jmp/0xz  T_0.0, 4;
    %pushi/vec4 0, 0, 8;
    %assign/vec4 v000000000112dbe0_0, 0;
    %jmp T_0.1;
T_0.0 ;
    %load/vec4 v000000000100bb50_0;
    %pad/u 32;
    %cmpi/e 1, 0, 32;
    %jmp/0xz  T_0.2, 4;
    %pushi/vec4 0, 0, 8;
    %assign/vec4 v000000000112dbe0_0, 0;
    %jmp T_0.3;
T_0.2 ;
    %load/vec4 v000000000112dc80_0;
    %pad/u 32;
    %cmpi/e 1, 0, 32;
    %jmp/0xz  T_0.4, 4;
    %load/vec4 v000000000112dbe0_0;
    %addi 1, 0, 8;
    %assign/vec4 v000000000112dbe0_0, 0;
T_0.4 ;
T_0.3 ;
T_0.1 ;
    %jmp T_0;
    .thread T_0;
    .scope S_000000000100b9d0;
T_1 ;
    %vpi_call 2 12 "$dumpfile", "tb_BbitCounter.vcd" {0 0 0};
    %vpi_call 2 13 "$dumpvars", 32'sb00000000000000000000000000000000, S_000000000100b9d0 {0 0 0};
    %end;
    .thread T_1;
    .scope S_000000000100b9d0;
T_2 ;
    %pushi/vec4 0, 0, 1;
    %store/vec4 v000000000105fe10_0, 0, 1;
T_2.0 ;
    %delay 100, 0;
    %load/vec4 v000000000105fe10_0;
    %inv;
    %store/vec4 v000000000105fe10_0, 0, 1;
    %jmp T_2.0;
    %end;
    .thread T_2;
    .scope S_000000000100b9d0;
T_3 ;
    %pushi/vec4 0, 0, 1;
    %store/vec4 v000000000105fc30_0, 0, 1;
    %pushi/vec4 0, 0, 1;
    %store/vec4 v000000000105fd70_0, 0, 1;
    %pushi/vec4 1, 0, 1;
    %store/vec4 v000000000105feb0_0, 0, 1;
    %end;
    .thread T_3;
    .scope S_000000000100b9d0;
T_4 ;
    %fork t_1, S_000000000100b9d0;
    %fork t_2, S_000000000100b9d0;
    %fork t_3, S_000000000100b9d0;
    %fork t_4, S_000000000100b9d0;
    %fork t_5, S_000000000100b9d0;
    %fork t_6, S_000000000100b9d0;
    %fork t_7, S_000000000100b9d0;
    %fork t_8, S_000000000100b9d0;
    %fork t_9, S_000000000100b9d0;
    %fork t_10, S_000000000100b9d0;
    %fork t_11, S_000000000100b9d0;
    %fork t_12, S_000000000100b9d0;
    %fork t_13, S_000000000100b9d0;
    %fork t_14, S_000000000100b9d0;
    %fork t_15, S_000000000100b9d0;
    %join;
    %join;
    %join;
    %join;
    %join;
    %join;
    %join;
    %join;
    %join;
    %join;
    %join;
    %join;
    %join;
    %join;
    %join;
    %jmp t_0;
t_1 ;
    %delay 200, 0;
    %pushi/vec4 0, 0, 1;
    %store/vec4 v000000000105feb0_0, 0, 1;
    %pushi/vec4 1, 0, 1;
    %store/vec4 v000000000105fd70_0, 0, 1;
    %end;
t_2 ;
    %delay 1000, 0;
    %pushi/vec4 0, 0, 1;
    %store/vec4 v000000000105fd70_0, 0, 1;
    %end;
t_3 ;
    %delay 1800, 0;
    %pushi/vec4 1, 0, 1;
    %store/vec4 v000000000105fd70_0, 0, 1;
    %end;
t_4 ;
    %delay 2200, 0;
    %pushi/vec4 0, 0, 1;
    %store/vec4 v000000000105fd70_0, 0, 1;
    %end;
t_5 ;
    %delay 2600, 0;
    %pushi/vec4 1, 0, 1;
    %store/vec4 v000000000105fc30_0, 0, 1;
    %end;
t_6 ;
    %delay 2800, 0;
    %pushi/vec4 0, 0, 1;
    %store/vec4 v000000000105fc30_0, 0, 1;
    %end;
t_7 ;
    %delay 3000, 0;
    %pushi/vec4 1, 0, 1;
    %store/vec4 v000000000105fd70_0, 0, 1;
    %end;
t_8 ;
    %delay 3300, 0;
    %pushi/vec4 1, 0, 1;
    %store/vec4 v000000000105fc30_0, 0, 1;
    %end;
t_9 ;
    %delay 3500, 0;
    %pushi/vec4 0, 0, 1;
    %store/vec4 v000000000105fc30_0, 0, 1;
    %end;
t_10 ;
    %delay 3600, 0;
    %pushi/vec4 1, 0, 1;
    %store/vec4 v000000000105feb0_0, 0, 1;
    %end;
t_11 ;
    %delay 3800, 0;
    %pushi/vec4 0, 0, 1;
    %store/vec4 v000000000105feb0_0, 0, 1;
    %end;
t_12 ;
    %delay 4500, 0;
    %pushi/vec4 0, 0, 1;
    %store/vec4 v000000000105fd70_0, 0, 1;
    %end;
t_13 ;
    %delay 5000, 0;
    %pushi/vec4 0, 0, 1;
    %store/vec4 v000000000105fc30_0, 0, 1;
    %end;
t_14 ;
    %delay 5500, 0;
    %pushi/vec4 1, 0, 1;
    %store/vec4 v000000000105fd70_0, 0, 1;
    %end;
t_15 ;
    %delay 10000, 0;
    %vpi_call 2 39 "$finish" {0 0 0};
    %end;
    .scope S_000000000100b9d0;
t_0 ;
    %end;
    .thread T_4;
# The file index is used to find the file name in the following table.
:file_names 4;
    "N/A";
    "<interactive>";
    "tb_BitCounter.v";
    "BitCounter.v";
